<?xml version="1.0" encoding="UTF-8"?>
<testsuite name="starter.CucumberTestSuite" tests="0" skipped="0" failures="0" errors="0" timestamp="1970-01-01T00:00:00" hostname="192.168.1.104" time="0.0">
  <properties/>
  <system-out><![CDATA[01:08:58.262 [Test worker] INFO   - 

-------------------------------------------------------------------------------------
     _______. _______ .______       _______ .__   __.  __  .___________.____    ____ 
    /       ||   ____||   _  \     |   ____||  \ |  | |  | |           |\   \  /   / 
   |   (----`|  |__   |  |_)  |    |  |__   |   \|  | |  | `---|  |----` \   \/   /  
    \   \    |   __|  |      /     |   __|  |  . `  | |  |     |  |       \_    _/   
.----)   |   |  |____ |  |\  \----.|  |____ |  |\   | |  |     |  |         |  |     
|_______/    |_______|| _| `._____||_______||__| \__| |__|     |__|         |__|    
                                                                                     
 News and tutorials at http://www.serenity-bdd.info                                  
 Documentation at https://wakaleo.gitbooks.io/the-serenity-book/content/             
 Join the Serenity Community on Gitter: https://gitter.im/serenity-bdd/serenity-core 
 Serenity BDD Support and Training at http://serenity-bdd.info/#/trainingandsupport  
 Learn Serenity BDD online at https://www.serenitydojo.net                           
-------------------------------------------------------------------------------------

01:08:58.271 [Test worker] INFO   - Test Suite Started: Autenticacion
01:09:15.343 [Test worker] ERROR  - 
         __  _____ _____ ____ _____   _____ ____  ____   ___  ____  
 _      / / |_   _| ____/ ___|_   _| | ____|  _ \|  _ \ / _ \|  _ \ 
(_)____| |    | | |  _| \___ \ | |   |  _| | |_) | |_) | | | | |_) |
 |_____| |    | | | |___ ___) || |   | |___|  _ <|  _ <| |_| |  _ < 
(_)    | |    |_| |_____|____/ |_|   |_____|_| \_\_| \_\\___/|_| \_\
        \_\                                                         

Autenticaci?n a la plataforma
---------------------------------------------------------------------
01:09:15.389 [Test worker] ERROR  -     Test failed at step: admin clicks on [By.xpath: //div[@id='content']/div[2]/div[2]/div/button]]
01:09:15.390 [Test worker] ERROR  -     invalid selector: Unable to locate an element with the xpath expression //div[@id='content']/div[2]/div[2]/div/button] because of the following error:

There were undefined steps. You can implement missing steps with the snippets below:

@Entonces("el tendra un ingreso exitoso")
public void el_tendra_un_ingreso_exitoso() {
    // Write code here that turns the phrase above into concrete actions
    throw new cucumber.api.PendingException();
}

]]></system-out>
  <system-err><![CDATA[feb. 22, 2021 1:08:58 A.?M. cucumber.runtime.java.ObjectFactoryLoader loadSingleObjectFactory
ADVERTENCIA: Loading deprecated ObjectFactory from runtime via reflection: cucumber.runtime.SerenityObjectFactory
]]></system-err>
</testsuite>
